

Started POST "/api/v1/users" for 127.0.0.1 at 2014-01-22 14:32:31 +0000
  [1m[36mActiveRecord::SchemaMigration Load (0.6ms)[0m  [1mSELECT "schema_migrations".* FROM "schema_migrations"[0m
Processing by Api::V1::UsersController#create as JSON
  Parameters: {"user"=>{"username"=>"TOM", "provider"=>"twitter", "uid"=>123, "image_url"=>"http://"}}
  [1m[35m (0.5ms)[0m  BEGIN
  [1m[36mSQL (4.2ms)[0m  [1mINSERT INTO "users" ("created_at", "image_url", "provider", "uid", "updated_at", "username") VALUES ($1, $2, $3, $4, $5, $6) RETURNING "id"[0m  [["created_at", Wed, 22 Jan 2014 14:32:31 UTC +00:00], ["image_url", "http://"], ["provider", "twitter"], ["uid", 123], ["updated_at", Wed, 22 Jan 2014 14:32:31 UTC +00:00], ["username", "TOM"]]
  [1m[35m (2.1ms)[0m  COMMIT
Completed 500 Internal Server Error in 48ms

NoMethodError (undefined method `model_name' for TrueClass:Class):
  app/controllers/api/v1/users_controller.rb:15:in `create'


  Rendered /Users/valkyrieuk/.rvm/gems/ruby-2.0.0-p247@invite_project_server/gems/actionpack-4.0.1/lib/action_dispatch/middleware/templates/rescues/_source.erb (0.7ms)
  Rendered /Users/valkyrieuk/.rvm/gems/ruby-2.0.0-p247@invite_project_server/gems/actionpack-4.0.1/lib/action_dispatch/middleware/templates/rescues/_trace.erb (1.1ms)
  Rendered /Users/valkyrieuk/.rvm/gems/ruby-2.0.0-p247@invite_project_server/gems/actionpack-4.0.1/lib/action_dispatch/middleware/templates/rescues/_request_and_response.erb (1.0ms)
  Rendered /Users/valkyrieuk/.rvm/gems/ruby-2.0.0-p247@invite_project_server/gems/actionpack-4.0.1/lib/action_dispatch/middleware/templates/rescues/diagnostics.erb within rescues/layout (17.0ms)


Started POST "/api/v1/users" for 127.0.0.1 at 2014-01-22 14:32:54 +0000
Processing by Api::V1::UsersController#create as JSON
  Parameters: {"user"=>{"username"=>"TOM", "provider"=>"twitter", "uid"=>123, "image_url"=>"http://"}}
  [1m[36m (0.2ms)[0m  [1mBEGIN[0m
  [1m[35mSQL (0.7ms)[0m  INSERT INTO "users" ("created_at", "image_url", "provider", "uid", "updated_at", "username") VALUES ($1, $2, $3, $4, $5, $6) RETURNING "id"  [["created_at", Wed, 22 Jan 2014 14:32:54 UTC +00:00], ["image_url", "http://"], ["provider", "twitter"], ["uid", 123], ["updated_at", Wed, 22 Jan 2014 14:32:54 UTC +00:00], ["username", "TOM"]]
  [1m[36m (1.9ms)[0m  [1mCOMMIT[0m
Completed 500 Internal Server Error in 6ms

NoMethodError (undefined method `model_name' for TrueClass:Class):
  app/controllers/api/v1/users_controller.rb:15:in `create'


  Rendered /Users/valkyrieuk/.rvm/gems/ruby-2.0.0-p247@invite_project_server/gems/actionpack-4.0.1/lib/action_dispatch/middleware/templates/rescues/_source.erb (0.6ms)
  Rendered /Users/valkyrieuk/.rvm/gems/ruby-2.0.0-p247@invite_project_server/gems/actionpack-4.0.1/lib/action_dispatch/middleware/templates/rescues/_trace.erb (1.5ms)
  Rendered /Users/valkyrieuk/.rvm/gems/ruby-2.0.0-p247@invite_project_server/gems/actionpack-4.0.1/lib/action_dispatch/middleware/templates/rescues/_request_and_response.erb (0.9ms)
  Rendered /Users/valkyrieuk/.rvm/gems/ruby-2.0.0-p247@invite_project_server/gems/actionpack-4.0.1/lib/action_dispatch/middleware/templates/rescues/diagnostics.erb within rescues/layout (16.9ms)


Started POST "/api/v1/users" for 127.0.0.1 at 2014-01-22 14:35:38 +0000
  [1m[36mActiveRecord::SchemaMigration Load (0.7ms)[0m  [1mSELECT "schema_migrations".* FROM "schema_migrations"[0m
Processing by Api::V1::UsersController#create as JSON
  Parameters: {"user"=>{"username"=>"TOM", "provider"=>"twitter", "uid"=>123, "image_url"=>"http://"}}
  [1m[35m (0.6ms)[0m  BEGIN
  [1m[36mSQL (4.4ms)[0m  [1mINSERT INTO "users" ("created_at", "image_url", "provider", "uid", "updated_at", "username") VALUES ($1, $2, $3, $4, $5, $6) RETURNING "id"[0m  [["created_at", Wed, 22 Jan 2014 14:35:38 UTC +00:00], ["image_url", "http://"], ["provider", "twitter"], ["uid", 123], ["updated_at", Wed, 22 Jan 2014 14:35:38 UTC +00:00], ["username", "TOM"]]
  [1m[35m (2.2ms)[0m  COMMIT
Completed 500 Internal Server Error in 51ms

NoMethodError (undefined method `model_name' for TrueClass:Class):
  app/controllers/api/v1/users_controller.rb:15:in `create'


  Rendered /Users/valkyrieuk/.rvm/gems/ruby-2.0.0-p247@invite_project_server/gems/actionpack-4.0.1/lib/action_dispatch/middleware/templates/rescues/_source.erb (0.8ms)
  Rendered /Users/valkyrieuk/.rvm/gems/ruby-2.0.0-p247@invite_project_server/gems/actionpack-4.0.1/lib/action_dispatch/middleware/templates/rescues/_trace.erb (1.2ms)
  Rendered /Users/valkyrieuk/.rvm/gems/ruby-2.0.0-p247@invite_project_server/gems/actionpack-4.0.1/lib/action_dispatch/middleware/templates/rescues/_request_and_response.erb (1.0ms)
  Rendered /Users/valkyrieuk/.rvm/gems/ruby-2.0.0-p247@invite_project_server/gems/actionpack-4.0.1/lib/action_dispatch/middleware/templates/rescues/diagnostics.erb within rescues/layout (23.0ms)


Started POST "/api/v1/users" for 127.0.0.1 at 2014-01-22 14:36:49 +0000
  [1m[36mActiveRecord::SchemaMigration Load (0.9ms)[0m  [1mSELECT "schema_migrations".* FROM "schema_migrations"[0m
Processing by Api::V1::UsersController#create as JSON
  Parameters: {"user"=>{"username"=>"TOM", "provider"=>"twitter", "uid"=>123, "image_url"=>"http://"}}
  [1m[35m (0.2ms)[0m  BEGIN
  [1m[36mSQL (3.8ms)[0m  [1mINSERT INTO "users" ("created_at", "image_url", "provider", "uid", "updated_at", "username") VALUES ($1, $2, $3, $4, $5, $6) RETURNING "id"[0m  [["created_at", Wed, 22 Jan 2014 14:36:49 UTC +00:00], ["image_url", "http://"], ["provider", "twitter"], ["uid", 123], ["updated_at", Wed, 22 Jan 2014 14:36:49 UTC +00:00], ["username", "TOM"]]
  [1m[35m (0.6ms)[0m  COMMIT
Completed 500 Internal Server Error in 47ms

NoMethodError (undefined method `model_name' for TrueClass:Class):
  app/controllers/api/v1/users_controller.rb:15:in `create'


  Rendered /Users/valkyrieuk/.rvm/gems/ruby-2.0.0-p247@invite_project_server/gems/actionpack-4.0.1/lib/action_dispatch/middleware/templates/rescues/_source.erb (0.8ms)
  Rendered /Users/valkyrieuk/.rvm/gems/ruby-2.0.0-p247@invite_project_server/gems/actionpack-4.0.1/lib/action_dispatch/middleware/templates/rescues/_trace.erb (1.0ms)
  Rendered /Users/valkyrieuk/.rvm/gems/ruby-2.0.0-p247@invite_project_server/gems/actionpack-4.0.1/lib/action_dispatch/middleware/templates/rescues/_request_and_response.erb (0.9ms)
  Rendered /Users/valkyrieuk/.rvm/gems/ruby-2.0.0-p247@invite_project_server/gems/actionpack-4.0.1/lib/action_dispatch/middleware/templates/rescues/diagnostics.erb within rescues/layout (20.9ms)


Started POST "/api/v1/users" for 127.0.0.1 at 2014-01-22 14:39:19 +0000
Processing by Api::V1::UsersController#create as JSON
  Parameters: {"user"=>{"username"=>"TOM", "provider"=>"twitter", "uid"=>"123", "image_url"=>"http://"}}
  [1m[36m (0.3ms)[0m  [1mBEGIN[0m
  [1m[35mSQL (1.1ms)[0m  INSERT INTO "users" ("created_at", "image_url", "provider", "uid", "updated_at", "username") VALUES ($1, $2, $3, $4, $5, $6) RETURNING "id"  [["created_at", Wed, 22 Jan 2014 14:39:19 UTC +00:00], ["image_url", "http://"], ["provider", "twitter"], ["uid", 123], ["updated_at", Wed, 22 Jan 2014 14:39:19 UTC +00:00], ["username", "TOM"]]
  [1m[36m (1.9ms)[0m  [1mCOMMIT[0m
Completed 500 Internal Server Error in 18ms

NoMethodError (undefined method `model_name' for TrueClass:Class):
  app/controllers/api/v1/users_controller.rb:15:in `create'


  Rendered /Users/valkyrieuk/.rvm/gems/ruby-2.0.0-p247@invite_project_server/gems/actionpack-4.0.1/lib/action_dispatch/middleware/templates/rescues/_source.erb (1.0ms)
  Rendered /Users/valkyrieuk/.rvm/gems/ruby-2.0.0-p247@invite_project_server/gems/actionpack-4.0.1/lib/action_dispatch/middleware/templates/rescues/_trace.erb (1.2ms)
  Rendered /Users/valkyrieuk/.rvm/gems/ruby-2.0.0-p247@invite_project_server/gems/actionpack-4.0.1/lib/action_dispatch/middleware/templates/rescues/_request_and_response.erb (1.2ms)
  Rendered /Users/valkyrieuk/.rvm/gems/ruby-2.0.0-p247@invite_project_server/gems/actionpack-4.0.1/lib/action_dispatch/middleware/templates/rescues/diagnostics.erb within rescues/layout (21.8ms)


Started POST "/api/v1/users" for 127.0.0.1 at 2014-01-22 14:40:24 +0000
  [1m[36mActiveRecord::SchemaMigration Load (0.8ms)[0m  [1mSELECT "schema_migrations".* FROM "schema_migrations"[0m
Processing by Api::V1::UsersController#create as JSON
  Parameters: {"user"=>{"username"=>"TOM", "provider"=>"twitter", "uid"=>"123", "image_url"=>"http://"}}
  [1m[35m (0.6ms)[0m  BEGIN
  [1m[36mSQL (4.2ms)[0m  [1mINSERT INTO "users" ("created_at", "image_url", "provider", "uid", "updated_at", "username") VALUES ($1, $2, $3, $4, $5, $6) RETURNING "id"[0m  [["created_at", Wed, 22 Jan 2014 14:40:24 UTC +00:00], ["image_url", "http://"], ["provider", "twitter"], ["uid", 123], ["updated_at", Wed, 22 Jan 2014 14:40:24 UTC +00:00], ["username", "TOM"]]
  [1m[35m (1.9ms)[0m  COMMIT
Completed 500 Internal Server Error in 52ms

NoMethodError (undefined method `model_name' for TrueClass:Class):
  app/controllers/api/v1/users_controller.rb:15:in `create'


  Rendered /Users/valkyrieuk/.rvm/gems/ruby-2.0.0-p247@invite_project_server/gems/actionpack-4.0.1/lib/action_dispatch/middleware/templates/rescues/_source.erb (0.7ms)
  Rendered /Users/valkyrieuk/.rvm/gems/ruby-2.0.0-p247@invite_project_server/gems/actionpack-4.0.1/lib/action_dispatch/middleware/templates/rescues/_trace.erb (1.2ms)
  Rendered /Users/valkyrieuk/.rvm/gems/ruby-2.0.0-p247@invite_project_server/gems/actionpack-4.0.1/lib/action_dispatch/middleware/templates/rescues/_request_and_response.erb (0.9ms)
  Rendered /Users/valkyrieuk/.rvm/gems/ruby-2.0.0-p247@invite_project_server/gems/actionpack-4.0.1/lib/action_dispatch/middleware/templates/rescues/diagnostics.erb within rescues/layout (20.9ms)


Started POST "/api/v1/users" for 127.0.0.1 at 2014-01-22 14:41:08 +0000
  [1m[36mActiveRecord::SchemaMigration Load (0.6ms)[0m  [1mSELECT "schema_migrations".* FROM "schema_migrations"[0m
Processing by Api::V1::UsersController#create as JSON
  Parameters: {"user"=>{"username"=>"TOM", "provider"=>"twitter", "uid"=>"123", "image_url"=>"http://"}}
  [1m[35m (0.3ms)[0m  BEGIN
  [1m[36mSQL (4.0ms)[0m  [1mINSERT INTO "users" ("created_at", "image_url", "provider", "uid", "updated_at", "username") VALUES ($1, $2, $3, $4, $5, $6) RETURNING "id"[0m  [["created_at", Wed, 22 Jan 2014 14:41:09 UTC +00:00], ["image_url", "http://"], ["provider", "twitter"], ["uid", 123], ["updated_at", Wed, 22 Jan 2014 14:41:09 UTC +00:00], ["username", "TOM"]]
  [1m[35m (2.1ms)[0m  COMMIT
Completed 500 Internal Server Error in 47ms

NoMethodError (undefined method `model_name' for TrueClass:Class):
  app/controllers/api/v1/users_controller.rb:15:in `create'


  Rendered /Users/valkyrieuk/.rvm/gems/ruby-2.0.0-p247@invite_project_server/gems/actionpack-4.0.1/lib/action_dispatch/middleware/templates/rescues/_source.erb (0.7ms)
  Rendered /Users/valkyrieuk/.rvm/gems/ruby-2.0.0-p247@invite_project_server/gems/actionpack-4.0.1/lib/action_dispatch/middleware/templates/rescues/_trace.erb (1.0ms)
  Rendered /Users/valkyrieuk/.rvm/gems/ruby-2.0.0-p247@invite_project_server/gems/actionpack-4.0.1/lib/action_dispatch/middleware/templates/rescues/_request_and_response.erb (1.6ms)
  Rendered /Users/valkyrieuk/.rvm/gems/ruby-2.0.0-p247@invite_project_server/gems/actionpack-4.0.1/lib/action_dispatch/middleware/templates/rescues/diagnostics.erb within rescues/layout (19.9ms)


Started POST "/api/v1/users" for 127.0.0.1 at 2014-01-22 14:43:04 +0000
Processing by Api::V1::UsersController#create as JSON
  Parameters: {"user"=>{"username"=>"TOM", "provider"=>"twitter", "uid"=>"123", "image_url"=>"http://"}}
  [1m[36m (0.4ms)[0m  [1mBEGIN[0m
  [1m[35mSQL (0.7ms)[0m  INSERT INTO "users" ("created_at", "image_url", "provider", "uid", "updated_at", "username") VALUES ($1, $2, $3, $4, $5, $6) RETURNING "id"  [["created_at", Wed, 22 Jan 2014 14:43:04 UTC +00:00], ["image_url", "http://"], ["provider", "twitter"], ["uid", 123], ["updated_at", Wed, 22 Jan 2014 14:43:04 UTC +00:00], ["username", "TOM"]]
  [1m[36m (2.0ms)[0m  [1mCOMMIT[0m
Completed 500 Internal Server Error in 20ms

NoMethodError (undefined method `model_name' for TrueClass:Class):
  app/controllers/api/v1/users_controller.rb:15:in `create'


  Rendered /Users/valkyrieuk/.rvm/gems/ruby-2.0.0-p247@invite_project_server/gems/actionpack-4.0.1/lib/action_dispatch/middleware/templates/rescues/_source.erb (25.1ms)
  Rendered /Users/valkyrieuk/.rvm/gems/ruby-2.0.0-p247@invite_project_server/gems/actionpack-4.0.1/lib/action_dispatch/middleware/templates/rescues/_trace.erb (2.0ms)
  Rendered /Users/valkyrieuk/.rvm/gems/ruby-2.0.0-p247@invite_project_server/gems/actionpack-4.0.1/lib/action_dispatch/middleware/templates/rescues/_request_and_response.erb (1.4ms)
  Rendered /Users/valkyrieuk/.rvm/gems/ruby-2.0.0-p247@invite_project_server/gems/actionpack-4.0.1/lib/action_dispatch/middleware/templates/rescues/diagnostics.erb within rescues/layout (43.4ms)


Started POST "/api/v1/users" for 127.0.0.1 at 2014-01-22 14:44:08 +0000
Processing by Api::V1::UsersController#create as JSON
  Parameters: {"user"=>{"username"=>"TOM", "provider"=>"twitter", "uid"=>"123", "image_url"=>"http://"}}
Completed 500 Internal Server Error in 6ms

ActiveModel::ForbiddenAttributesError (ActiveModel::ForbiddenAttributesError):
  app/controllers/api/v1/users_controller.rb:15:in `create'


  Rendered /Users/valkyrieuk/.rvm/gems/ruby-2.0.0-p247@invite_project_server/gems/actionpack-4.0.1/lib/action_dispatch/middleware/templates/rescues/_source.erb (0.6ms)
  Rendered /Users/valkyrieuk/.rvm/gems/ruby-2.0.0-p247@invite_project_server/gems/actionpack-4.0.1/lib/action_dispatch/middleware/templates/rescues/_trace.erb (1.0ms)
  Rendered /Users/valkyrieuk/.rvm/gems/ruby-2.0.0-p247@invite_project_server/gems/actionpack-4.0.1/lib/action_dispatch/middleware/templates/rescues/_request_and_response.erb (1.0ms)
  Rendered /Users/valkyrieuk/.rvm/gems/ruby-2.0.0-p247@invite_project_server/gems/actionpack-4.0.1/lib/action_dispatch/middleware/templates/rescues/diagnostics.erb within rescues/layout (15.4ms)


Started POST "/api/v1/users" for 127.0.0.1 at 2014-01-22 14:44:39 +0000
Processing by Api::V1::UsersController#create as JSON
  Parameters: {" {\"user\":{\"username\":\"TOM\",\"provider\":\"twitter\",\"uid\":\"123\",\"image_url\":\"http://\"}}"=>nil}
  [1m[35m (0.2ms)[0m  BEGIN
  [1m[36m (0.3ms)[0m  [1mROLLBACK[0m
Completed 500 Internal Server Error in 18ms

ArgumentError (Nil location provided. Can't build URI.):
  app/controllers/api/v1/users_controller.rb:15:in `create'


  Rendered /Users/valkyrieuk/.rvm/gems/ruby-2.0.0-p247@invite_project_server/gems/actionpack-4.0.1/lib/action_dispatch/middleware/templates/rescues/_source.erb (0.6ms)
  Rendered /Users/valkyrieuk/.rvm/gems/ruby-2.0.0-p247@invite_project_server/gems/actionpack-4.0.1/lib/action_dispatch/middleware/templates/rescues/_trace.erb (1.2ms)
  Rendered /Users/valkyrieuk/.rvm/gems/ruby-2.0.0-p247@invite_project_server/gems/actionpack-4.0.1/lib/action_dispatch/middleware/templates/rescues/_request_and_response.erb (0.9ms)
  Rendered /Users/valkyrieuk/.rvm/gems/ruby-2.0.0-p247@invite_project_server/gems/actionpack-4.0.1/lib/action_dispatch/middleware/templates/rescues/diagnostics.erb within rescues/layout (16.7ms)


Started POST "/api/v1/users" for 127.0.0.1 at 2014-01-22 14:45:05 +0000
Processing by Api::V1::UsersController#create as JSON
  Parameters: {"user"=>{"username"=>"TOM", "provider"=>"twitter", "uid"=>"123", "image_url"=>"http://"}}
Completed 500 Internal Server Error in 6ms

ActiveModel::ForbiddenAttributesError (ActiveModel::ForbiddenAttributesError):
  app/controllers/api/v1/users_controller.rb:15:in `create'


  Rendered /Users/valkyrieuk/.rvm/gems/ruby-2.0.0-p247@invite_project_server/gems/actionpack-4.0.1/lib/action_dispatch/middleware/templates/rescues/_source.erb (0.6ms)
  Rendered /Users/valkyrieuk/.rvm/gems/ruby-2.0.0-p247@invite_project_server/gems/actionpack-4.0.1/lib/action_dispatch/middleware/templates/rescues/_trace.erb (1.0ms)
  Rendered /Users/valkyrieuk/.rvm/gems/ruby-2.0.0-p247@invite_project_server/gems/actionpack-4.0.1/lib/action_dispatch/middleware/templates/rescues/_request_and_response.erb (0.9ms)
  Rendered /Users/valkyrieuk/.rvm/gems/ruby-2.0.0-p247@invite_project_server/gems/actionpack-4.0.1/lib/action_dispatch/middleware/templates/rescues/diagnostics.erb within rescues/layout (15.1ms)


Started POST "/api/v1/users" for 127.0.0.1 at 2014-01-22 14:45:08 +0000
Processing by Api::V1::UsersController#create as JSON
  Parameters: {"user"=>{"username"=>"TOM", "provider"=>"twitter", "uid"=>"123", "image_url"=>"http://"}}
Completed 500 Internal Server Error in 1ms

ActiveModel::ForbiddenAttributesError (ActiveModel::ForbiddenAttributesError):
  app/controllers/api/v1/users_controller.rb:15:in `create'


  Rendered /Users/valkyrieuk/.rvm/gems/ruby-2.0.0-p247@invite_project_server/gems/actionpack-4.0.1/lib/action_dispatch/middleware/templates/rescues/_source.erb (1.3ms)
  Rendered /Users/valkyrieuk/.rvm/gems/ruby-2.0.0-p247@invite_project_server/gems/actionpack-4.0.1/lib/action_dispatch/middleware/templates/rescues/_trace.erb (1.3ms)
  Rendered /Users/valkyrieuk/.rvm/gems/ruby-2.0.0-p247@invite_project_server/gems/actionpack-4.0.1/lib/action_dispatch/middleware/templates/rescues/_request_and_response.erb (0.9ms)
  Rendered /Users/valkyrieuk/.rvm/gems/ruby-2.0.0-p247@invite_project_server/gems/actionpack-4.0.1/lib/action_dispatch/middleware/templates/rescues/diagnostics.erb within rescues/layout (18.0ms)


Started POST "/api/v1/users" for 127.0.0.1 at 2014-01-22 14:46:21 +0000
Processing by Api::V1::UsersController#create as JSON
  Parameters: {"user"=>{"username"=>"TOM", "provider"=>"twitter", "uid"=>"123", "image_url"=>"http://"}}
Completed 500 Internal Server Error in 4ms

ActiveModel::ForbiddenAttributesError (ActiveModel::ForbiddenAttributesError):
  app/controllers/api/v1/users_controller.rb:15:in `create'


  Rendered /Users/valkyrieuk/.rvm/gems/ruby-2.0.0-p247@invite_project_server/gems/actionpack-4.0.1/lib/action_dispatch/middleware/templates/rescues/_source.erb (0.6ms)
  Rendered /Users/valkyrieuk/.rvm/gems/ruby-2.0.0-p247@invite_project_server/gems/actionpack-4.0.1/lib/action_dispatch/middleware/templates/rescues/_trace.erb (1.1ms)
  Rendered /Users/valkyrieuk/.rvm/gems/ruby-2.0.0-p247@invite_project_server/gems/actionpack-4.0.1/lib/action_dispatch/middleware/templates/rescues/_request_and_response.erb (1.0ms)
  Rendered /Users/valkyrieuk/.rvm/gems/ruby-2.0.0-p247@invite_project_server/gems/actionpack-4.0.1/lib/action_dispatch/middleware/templates/rescues/diagnostics.erb within rescues/layout (15.7ms)


Started POST "/api/v1/users" for 127.0.0.1 at 2014-01-22 14:46:30 +0000
Processing by Api::V1::UsersController#create as JSON
  Parameters: {"user"=>{"username"=>"TOM", "provider"=>"twitter", "uid"=>"123", "image_url"=>"http://"}}
  [1m[35m (0.2ms)[0m  BEGIN
  [1m[36m (0.5ms)[0m  [1mROLLBACK[0m
Completed 500 Internal Server Error in 19ms

ArgumentError (Nil location provided. Can't build URI.):
  app/controllers/api/v1/users_controller.rb:15:in `create'


  Rendered /Users/valkyrieuk/.rvm/gems/ruby-2.0.0-p247@invite_project_server/gems/actionpack-4.0.1/lib/action_dispatch/middleware/templates/rescues/_source.erb (0.7ms)
  Rendered /Users/valkyrieuk/.rvm/gems/ruby-2.0.0-p247@invite_project_server/gems/actionpack-4.0.1/lib/action_dispatch/middleware/templates/rescues/_trace.erb (27.7ms)
  Rendered /Users/valkyrieuk/.rvm/gems/ruby-2.0.0-p247@invite_project_server/gems/actionpack-4.0.1/lib/action_dispatch/middleware/templates/rescues/_request_and_response.erb (1.0ms)
  Rendered /Users/valkyrieuk/.rvm/gems/ruby-2.0.0-p247@invite_project_server/gems/actionpack-4.0.1/lib/action_dispatch/middleware/templates/rescues/diagnostics.erb within rescues/layout (42.2ms)


Started POST "/api/v1/users" for 127.0.0.1 at 2014-01-22 14:46:38 +0000
Processing by Api::V1::UsersController#create as JSON
  Parameters: {"user"=>{"username"=>"TOM", "provider"=>"twitter", "uid"=>"123", "image_url"=>"http://"}}
  [1m[35m (0.2ms)[0m  BEGIN
  [1m[36m (0.3ms)[0m  [1mROLLBACK[0m
Completed 422 Unprocessable Entity in 16ms

ActiveRecord::RecordInvalid (Validation failed: Provider can't be blank, Uid can't be blank, Username can't be blank, Image url can't be blank):
  app/controllers/api/v1/users_controller.rb:15:in `create'


  Rendered /Users/valkyrieuk/.rvm/gems/ruby-2.0.0-p247@invite_project_server/gems/actionpack-4.0.1/lib/action_dispatch/middleware/templates/rescues/_source.erb (0.6ms)
  Rendered /Users/valkyrieuk/.rvm/gems/ruby-2.0.0-p247@invite_project_server/gems/actionpack-4.0.1/lib/action_dispatch/middleware/templates/rescues/_trace.erb (1.1ms)
  Rendered /Users/valkyrieuk/.rvm/gems/ruby-2.0.0-p247@invite_project_server/gems/actionpack-4.0.1/lib/action_dispatch/middleware/templates/rescues/_request_and_response.erb (0.9ms)
  Rendered /Users/valkyrieuk/.rvm/gems/ruby-2.0.0-p247@invite_project_server/gems/actionpack-4.0.1/lib/action_dispatch/middleware/templates/rescues/diagnostics.erb within rescues/layout (17.0ms)


Started POST "/api/v1/users" for 127.0.0.1 at 2014-01-22 14:46:53 +0000
Processing by Api::V1::UsersController#create as JSON
  Parameters: {"user"=>{"username"=>"TOM", "provider"=>"twitter", "uid"=>"123", "image_url"=>"http://"}}
  [1m[35m (0.1ms)[0m  BEGIN
  [1m[36m (0.4ms)[0m  [1mROLLBACK[0m
Completed 201 Created in 17ms (Views: 0.1ms | ActiveRecord: 3.3ms)


Started POST "/api/v1/users" for 127.0.0.1 at 2014-01-22 14:47:12 +0000
Processing by Api::V1::UsersController#create as JSON
  Parameters: {"user"=>{"username"=>"TOM", "provider"=>"twitter", "uid"=>"123", "image_url"=>"http://"}}
  [1m[35m (0.3ms)[0m  BEGIN
  [1m[36mSQL (3.0ms)[0m  [1mINSERT INTO "users" ("created_at", "image_url", "provider", "uid", "updated_at", "username") VALUES ($1, $2, $3, $4, $5, $6) RETURNING "id"[0m  [["created_at", Wed, 22 Jan 2014 14:47:12 UTC +00:00], ["image_url", "http://"], ["provider", "twitter"], ["uid", 123], ["updated_at", Wed, 22 Jan 2014 14:47:12 UTC +00:00], ["username", "TOM"]]
  [1m[35m (0.5ms)[0m  COMMIT
Completed 500 Internal Server Error in 49ms

NoMethodError (undefined method `model_name' for TrueClass:Class):
  app/controllers/api/v1/users_controller.rb:15:in `create'


  Rendered /Users/valkyrieuk/.rvm/gems/ruby-2.0.0-p247@invite_project_server/gems/actionpack-4.0.1/lib/action_dispatch/middleware/templates/rescues/_source.erb (0.6ms)
  Rendered /Users/valkyrieuk/.rvm/gems/ruby-2.0.0-p247@invite_project_server/gems/actionpack-4.0.1/lib/action_dispatch/middleware/templates/rescues/_trace.erb (1.1ms)
  Rendered /Users/valkyrieuk/.rvm/gems/ruby-2.0.0-p247@invite_project_server/gems/actionpack-4.0.1/lib/action_dispatch/middleware/templates/rescues/_request_and_response.erb (0.9ms)
  Rendered /Users/valkyrieuk/.rvm/gems/ruby-2.0.0-p247@invite_project_server/gems/actionpack-4.0.1/lib/action_dispatch/middleware/templates/rescues/diagnostics.erb within rescues/layout (15.7ms)


Started POST "/api/v1/users" for 127.0.0.1 at 2014-01-22 14:49:05 +0000
  [1m[36mActiveRecord::SchemaMigration Load (0.6ms)[0m  [1mSELECT "schema_migrations".* FROM "schema_migrations"[0m
Processing by Api::V1::UsersController#create as JSON
  Parameters: {"user"=>{"username"=>"TOM", "provider"=>"twitter", "uid"=>"123", "image_url"=>"http://"}}
  [1m[35m (0.3ms)[0m  BEGIN
  [1m[36mSQL (4.8ms)[0m  [1mINSERT INTO "users" ("created_at", "image_url", "provider", "uid", "updated_at", "username") VALUES ($1, $2, $3, $4, $5, $6) RETURNING "id"[0m  [["created_at", Wed, 22 Jan 2014 14:49:05 UTC +00:00], ["image_url", "http://"], ["provider", "twitter"], ["uid", 123], ["updated_at", Wed, 22 Jan 2014 14:49:05 UTC +00:00], ["username", "TOM"]]
  [1m[35m (1.8ms)[0m  COMMIT
Completed 500 Internal Server Error in 51ms

NoMethodError (undefined method `model_name' for TrueClass:Class):
  app/controllers/api/v1/users_controller.rb:15:in `create'


  Rendered /Users/valkyrieuk/.rvm/gems/ruby-2.0.0-p247@invite_project_server/gems/actionpack-4.0.1/lib/action_dispatch/middleware/templates/rescues/_source.erb (0.7ms)
  Rendered /Users/valkyrieuk/.rvm/gems/ruby-2.0.0-p247@invite_project_server/gems/actionpack-4.0.1/lib/action_dispatch/middleware/templates/rescues/_trace.erb (1.0ms)
  Rendered /Users/valkyrieuk/.rvm/gems/ruby-2.0.0-p247@invite_project_server/gems/actionpack-4.0.1/lib/action_dispatch/middleware/templates/rescues/_request_and_response.erb (1.2ms)
  Rendered /Users/valkyrieuk/.rvm/gems/ruby-2.0.0-p247@invite_project_server/gems/actionpack-4.0.1/lib/action_dispatch/middleware/templates/rescues/diagnostics.erb within rescues/layout (17.7ms)


Started POST "/api/v1/users" for 127.0.0.1 at 2014-01-22 14:52:05 +0000
  [1m[36mActiveRecord::SchemaMigration Load (0.8ms)[0m  [1mSELECT "schema_migrations".* FROM "schema_migrations"[0m

ActionController::RoutingError (No route matches [POST] "/api/v1/users"):
  actionpack (4.0.1) lib/action_dispatch/middleware/debug_exceptions.rb:21:in `call'
  actionpack (4.0.1) lib/action_dispatch/middleware/show_exceptions.rb:30:in `call'
  railties (4.0.1) lib/rails/rack/logger.rb:38:in `call_app'
  railties (4.0.1) lib/rails/rack/logger.rb:20:in `block in call'
  activesupport (4.0.1) lib/active_support/tagged_logging.rb:67:in `block in tagged'
  activesupport (4.0.1) lib/active_support/tagged_logging.rb:25:in `tagged'
  activesupport (4.0.1) lib/active_support/tagged_logging.rb:67:in `tagged'
  railties (4.0.1) lib/rails/rack/logger.rb:20:in `call'
  actionpack (4.0.1) lib/action_dispatch/middleware/request_id.rb:21:in `call'
  rack (1.5.2) lib/rack/methodoverride.rb:21:in `call'
  rack (1.5.2) lib/rack/runtime.rb:17:in `call'
  activesupport (4.0.1) lib/active_support/cache/strategy/local_cache.rb:83:in `call'
  rack (1.5.2) lib/rack/lock.rb:17:in `call'
  actionpack (4.0.1) lib/action_dispatch/middleware/static.rb:64:in `call'
  rack (1.5.2) lib/rack/sendfile.rb:112:in `call'
  railties (4.0.1) lib/rails/engine.rb:511:in `call'
  railties (4.0.1) lib/rails/application.rb:97:in `call'
  rack (1.5.2) lib/rack/lock.rb:17:in `call'
  rack (1.5.2) lib/rack/content_length.rb:14:in `call'
  rack (1.5.2) lib/rack/handler/webrick.rb:60:in `service'
  /Users/valkyrieuk/.rvm/rubies/ruby-2.0.0-p247/lib/ruby/2.0.0/webrick/httpserver.rb:138:in `service'
  /Users/valkyrieuk/.rvm/rubies/ruby-2.0.0-p247/lib/ruby/2.0.0/webrick/httpserver.rb:94:in `run'
  /Users/valkyrieuk/.rvm/rubies/ruby-2.0.0-p247/lib/ruby/2.0.0/webrick/server.rb:295:in `block in start_thread'


  Rendered /Users/valkyrieuk/.rvm/gems/ruby-2.0.0-p247@invite_project_server/gems/actionpack-4.0.1/lib/action_dispatch/middleware/templates/rescues/_trace.erb (1.0ms)
  Rendered /Users/valkyrieuk/.rvm/gems/ruby-2.0.0-p247@invite_project_server/gems/actionpack-4.0.1/lib/action_dispatch/middleware/templates/routes/_route.html.erb (1.2ms)
  Rendered /Users/valkyrieuk/.rvm/gems/ruby-2.0.0-p247@invite_project_server/gems/actionpack-4.0.1/lib/action_dispatch/middleware/templates/routes/_table.html.erb (5.8ms)
  Rendered /Users/valkyrieuk/.rvm/gems/ruby-2.0.0-p247@invite_project_server/gems/actionpack-4.0.1/lib/action_dispatch/middleware/templates/rescues/routing_error.erb within rescues/layout (34.4ms)


Started POST "/api/v1/users" for 127.0.0.1 at 2014-01-22 14:53:55 +0000
  [1m[36mActiveRecord::SchemaMigration Load (0.7ms)[0m  [1mSELECT "schema_migrations".* FROM "schema_migrations"[0m
Processing by Api::V1::UsersController#create as JSON
  Parameters: {"user"=>{"username"=>"TOM", "provider"=>"twitter", "uid"=>"123", "image_url"=>"http://"}}
  [1m[35m (0.3ms)[0m  BEGIN
  [1m[36mSQL (6.1ms)[0m  [1mINSERT INTO "users" ("created_at", "image_url", "provider", "uid", "updated_at", "username") VALUES ($1, $2, $3, $4, $5, $6) RETURNING "id"[0m  [["created_at", Wed, 22 Jan 2014 14:53:55 UTC +00:00], ["image_url", "http://"], ["provider", "twitter"], ["uid", 123], ["updated_at", Wed, 22 Jan 2014 14:53:55 UTC +00:00], ["username", "TOM"]]
  [1m[35m (0.7ms)[0m  COMMIT
Completed 500 Internal Server Error in 57ms

NoMethodError (undefined method `model_name' for TrueClass:Class):
  app/controllers/api/v1/users_controller.rb:15:in `create'


  Rendered /Users/valkyrieuk/.rvm/gems/ruby-2.0.0-p247@invite_project_server/gems/actionpack-4.0.1/lib/action_dispatch/middleware/templates/rescues/_source.erb (0.8ms)
  Rendered /Users/valkyrieuk/.rvm/gems/ruby-2.0.0-p247@invite_project_server/gems/actionpack-4.0.1/lib/action_dispatch/middleware/templates/rescues/_trace.erb (1.2ms)
  Rendered /Users/valkyrieuk/.rvm/gems/ruby-2.0.0-p247@invite_project_server/gems/actionpack-4.0.1/lib/action_dispatch/middleware/templates/rescues/_request_and_response.erb (1.0ms)
  Rendered /Users/valkyrieuk/.rvm/gems/ruby-2.0.0-p247@invite_project_server/gems/actionpack-4.0.1/lib/action_dispatch/middleware/templates/rescues/diagnostics.erb within rescues/layout (21.7ms)


Started POST "/api/v1/users" for 127.0.0.1 at 2014-01-22 14:54:38 +0000
  [1m[36mActiveRecord::SchemaMigration Load (0.6ms)[0m  [1mSELECT "schema_migrations".* FROM "schema_migrations"[0m
Processing by Api::V1::UsersController#create as JSON
  Parameters: {"user"=>{"username"=>"TOM", "provider"=>"twitter", "uid"=>"123", "image_url"=>"http://"}}
  [1m[35m (0.3ms)[0m  BEGIN
  [1m[36mSQL (3.8ms)[0m  [1mINSERT INTO "users" ("created_at", "image_url", "provider", "uid", "updated_at", "username") VALUES ($1, $2, $3, $4, $5, $6) RETURNING "id"[0m  [["created_at", Wed, 22 Jan 2014 14:54:39 UTC +00:00], ["image_url", "http://"], ["provider", "twitter"], ["uid", 123], ["updated_at", Wed, 22 Jan 2014 14:54:39 UTC +00:00], ["username", "TOM"]]
  [1m[35m (0.6ms)[0m  COMMIT
Completed 500 Internal Server Error in 45ms

NoMethodError (undefined method `model_name' for TrueClass:Class):
  app/controllers/api/v1/users_controller.rb:15:in `create'


  Rendered /Users/valkyrieuk/.rvm/gems/ruby-2.0.0-p247@invite_project_server/gems/actionpack-4.0.1/lib/action_dispatch/middleware/templates/rescues/_source.erb (0.6ms)
  Rendered /Users/valkyrieuk/.rvm/gems/ruby-2.0.0-p247@invite_project_server/gems/actionpack-4.0.1/lib/action_dispatch/middleware/templates/rescues/_trace.erb (1.1ms)
  Rendered /Users/valkyrieuk/.rvm/gems/ruby-2.0.0-p247@invite_project_server/gems/actionpack-4.0.1/lib/action_dispatch/middleware/templates/rescues/_request_and_response.erb (1.0ms)
  Rendered /Users/valkyrieuk/.rvm/gems/ruby-2.0.0-p247@invite_project_server/gems/actionpack-4.0.1/lib/action_dispatch/middleware/templates/rescues/diagnostics.erb within rescues/layout (16.1ms)


Started POST "/api/v1/users" for 127.0.0.1 at 2014-01-22 14:59:35 +0000
  [1m[36mActiveRecord::SchemaMigration Load (0.9ms)[0m  [1mSELECT "schema_migrations".* FROM "schema_migrations"[0m
Processing by Api::V1::UsersController#create as JSON
  Parameters: {"user"=>{"username"=>"TOM", "provider"=>"twitter", "uid"=>"123", "image_url"=>"http://"}}
  [1m[35m (0.4ms)[0m  BEGIN
  [1m[36mSQL (6.5ms)[0m  [1mINSERT INTO "users" ("created_at", "image_url", "provider", "uid", "updated_at", "username") VALUES ($1, $2, $3, $4, $5, $6) RETURNING "id"[0m  [["created_at", Wed, 22 Jan 2014 14:59:35 UTC +00:00], ["image_url", "http://"], ["provider", "twitter"], ["uid", 123], ["updated_at", Wed, 22 Jan 2014 14:59:35 UTC +00:00], ["username", "TOM"]]
  [1m[35m (0.6ms)[0m  COMMIT
Completed 500 Internal Server Error in 61ms

NoMethodError (undefined method `model_name' for TrueClass:Class):
  app/controllers/api/v1/users_controller.rb:15:in `create'


  Rendered /Users/valkyrieuk/.rvm/gems/ruby-2.0.0-p247@invite_project_server/gems/actionpack-4.0.1/lib/action_dispatch/middleware/templates/rescues/_source.erb (0.8ms)
  Rendered /Users/valkyrieuk/.rvm/gems/ruby-2.0.0-p247@invite_project_server/gems/actionpack-4.0.1/lib/action_dispatch/middleware/templates/rescues/_trace.erb (2.1ms)
  Rendered /Users/valkyrieuk/.rvm/gems/ruby-2.0.0-p247@invite_project_server/gems/actionpack-4.0.1/lib/action_dispatch/middleware/templates/rescues/_request_and_response.erb (1.8ms)
  Rendered /Users/valkyrieuk/.rvm/gems/ruby-2.0.0-p247@invite_project_server/gems/actionpack-4.0.1/lib/action_dispatch/middleware/templates/rescues/diagnostics.erb within rescues/layout (20.4ms)


Started POST "/api/v1/users" for 127.0.0.1 at 2014-01-22 15:00:30 +0000
  [1m[36mActiveRecord::SchemaMigration Load (1.1ms)[0m  [1mSELECT "schema_migrations".* FROM "schema_migrations"[0m
Processing by Api::V1::UsersController#create as JSON
  Parameters: {"user"=>{"username"=>"TOM", "provider"=>"twitter", "uid"=>"123", "image_url"=>"http://"}}
  [1m[35m (0.3ms)[0m  BEGIN
  [1m[36mSQL (4.4ms)[0m  [1mINSERT INTO "users" ("created_at", "image_url", "provider", "uid", "updated_at", "username") VALUES ($1, $2, $3, $4, $5, $6) RETURNING "id"[0m  [["created_at", Wed, 22 Jan 2014 15:00:30 UTC +00:00], ["image_url", "http://"], ["provider", "twitter"], ["uid", 123], ["updated_at", Wed, 22 Jan 2014 15:00:30 UTC +00:00], ["username", "TOM"]]
  [1m[35m (2.0ms)[0m  COMMIT
Completed 500 Internal Server Error in 51ms

NoMethodError (undefined method `model_name' for TrueClass:Class):
  app/controllers/api/v1/users_controller.rb:15:in `create'


  Rendered /Users/valkyrieuk/.rvm/gems/ruby-2.0.0-p247@invite_project_server/gems/actionpack-4.0.1/lib/action_dispatch/middleware/templates/rescues/_source.erb (0.6ms)
  Rendered /Users/valkyrieuk/.rvm/gems/ruby-2.0.0-p247@invite_project_server/gems/actionpack-4.0.1/lib/action_dispatch/middleware/templates/rescues/_trace.erb (1.0ms)
  Rendered /Users/valkyrieuk/.rvm/gems/ruby-2.0.0-p247@invite_project_server/gems/actionpack-4.0.1/lib/action_dispatch/middleware/templates/rescues/_request_and_response.erb (0.9ms)
  Rendered /Users/valkyrieuk/.rvm/gems/ruby-2.0.0-p247@invite_project_server/gems/actionpack-4.0.1/lib/action_dispatch/middleware/templates/rescues/diagnostics.erb within rescues/layout (12.8ms)


Started POST "/api/v1/users" for 127.0.0.1 at 2014-01-22 15:01:27 +0000
  [1m[36mActiveRecord::SchemaMigration Load (0.8ms)[0m  [1mSELECT "schema_migrations".* FROM "schema_migrations"[0m
Processing by Api::V1::UsersController#create as JSON
  Parameters: {"user"=>{"username"=>"TOM", "provider"=>"twitter", "uid"=>"123", "image_url"=>"http://"}}
Can't verify CSRF token authenticity
Completed 422 Unprocessable Entity in 19ms

ActionController::InvalidAuthenticityToken (ActionController::InvalidAuthenticityToken):
  actionpack (4.0.1) lib/action_controller/metal/request_forgery_protection.rb:163:in `handle_unverified_request'
  actionpack (4.0.1) lib/action_controller/metal/request_forgery_protection.rb:170:in `handle_unverified_request'
  actionpack (4.0.1) lib/action_controller/metal/request_forgery_protection.rb:177:in `verify_authenticity_token'
  activesupport (4.0.1) lib/active_support/callbacks.rb:377:in `_run__476391080187898246__process_action__callbacks'
  activesupport (4.0.1) lib/active_support/callbacks.rb:80:in `run_callbacks'
  actionpack (4.0.1) lib/abstract_controller/callbacks.rb:17:in `process_action'
  actionpack (4.0.1) lib/action_controller/metal/rescue.rb:29:in `process_action'
  actionpack (4.0.1) lib/action_controller/metal/instrumentation.rb:31:in `block in process_action'
  activesupport (4.0.1) lib/active_support/notifications.rb:159:in `block in instrument'
  activesupport (4.0.1) lib/active_support/notifications/instrumenter.rb:20:in `instrument'
  activesupport (4.0.1) lib/active_support/notifications.rb:159:in `instrument'
  actionpack (4.0.1) lib/action_controller/metal/instrumentation.rb:30:in `process_action'
  actionpack (4.0.1) lib/action_controller/metal/params_wrapper.rb:245:in `process_action'
  activerecord (4.0.1) lib/active_record/railties/controller_runtime.rb:18:in `process_action'
  actionpack (4.0.1) lib/abstract_controller/base.rb:136:in `process'
  actionpack (4.0.1) lib/abstract_controller/rendering.rb:44:in `process'
  actionpack (4.0.1) lib/action_controller/metal.rb:195:in `dispatch'
  actionpack (4.0.1) lib/action_controller/metal/rack_delegation.rb:13:in `dispatch'
  actionpack (4.0.1) lib/action_controller/metal.rb:231:in `block in action'
  actionpack (4.0.1) lib/action_dispatch/routing/route_set.rb:80:in `call'
  actionpack (4.0.1) lib/action_dispatch/routing/route_set.rb:80:in `dispatch'
  actionpack (4.0.1) lib/action_dispatch/routing/route_set.rb:48:in `call'
  actionpack (4.0.1) lib/action_dispatch/journey/router.rb:71:in `block in call'
  actionpack (4.0.1) lib/action_dispatch/journey/router.rb:59:in `each'
  actionpack (4.0.1) lib/action_dispatch/journey/router.rb:59:in `call'
  actionpack (4.0.1) lib/action_dispatch/routing/route_set.rb:680:in `call'
  rack (1.5.2) lib/rack/etag.rb:23:in `call'
  rack (1.5.2) lib/rack/conditionalget.rb:35:in `call'
  rack (1.5.2) lib/rack/head.rb:11:in `call'
  actionpack (4.0.1) lib/action_dispatch/middleware/params_parser.rb:27:in `call'
  actionpack (4.0.1) lib/action_dispatch/middleware/flash.rb:241:in `call'
  rack (1.5.2) lib/rack/session/abstract/id.rb:225:in `context'
  rack (1.5.2) lib/rack/session/abstract/id.rb:220:in `call'
  actionpack (4.0.1) lib/action_dispatch/middleware/cookies.rb:486:in `call'
  activerecord (4.0.1) lib/active_record/query_cache.rb:36:in `call'
  activerecord (4.0.1) lib/active_record/connection_adapters/abstract/connection_pool.rb:626:in `call'
  activerecord (4.0.1) lib/active_record/migration.rb:369:in `call'
  actionpack (4.0.1) lib/action_dispatch/middleware/callbacks.rb:29:in `block in call'
  activesupport (4.0.1) lib/active_support/callbacks.rb:373:in `_run__2279478725980720944__call__callbacks'
  activesupport (4.0.1) lib/active_support/callbacks.rb:80:in `run_callbacks'
  actionpack (4.0.1) lib/action_dispatch/middleware/callbacks.rb:27:in `call'
  actionpack (4.0.1) lib/action_dispatch/middleware/reloader.rb:64:in `call'
  actionpack (4.0.1) lib/action_dispatch/middleware/remote_ip.rb:76:in `call'
  actionpack (4.0.1) lib/action_dispatch/middleware/debug_exceptions.rb:17:in `call'
  actionpack (4.0.1) lib/action_dispatch/middleware/show_exceptions.rb:30:in `call'
  railties (4.0.1) lib/rails/rack/logger.rb:38:in `call_app'
  railties (4.0.1) lib/rails/rack/logger.rb:20:in `block in call'
  activesupport (4.0.1) lib/active_support/tagged_logging.rb:67:in `block in tagged'
  activesupport (4.0.1) lib/active_support/tagged_logging.rb:25:in `tagged'
  activesupport (4.0.1) lib/active_support/tagged_logging.rb:67:in `tagged'
  railties (4.0.1) lib/rails/rack/logger.rb:20:in `call'
  actionpack (4.0.1) lib/action_dispatch/middleware/request_id.rb:21:in `call'
  rack (1.5.2) lib/rack/methodoverride.rb:21:in `call'
  rack (1.5.2) lib/rack/runtime.rb:17:in `call'
  activesupport (4.0.1) lib/active_support/cache/strategy/local_cache.rb:83:in `call'
  rack (1.5.2) lib/rack/lock.rb:17:in `call'
  actionpack (4.0.1) lib/action_dispatch/middleware/static.rb:64:in `call'
  rack (1.5.2) lib/rack/sendfile.rb:112:in `call'
  railties (4.0.1) lib/rails/engine.rb:511:in `call'
  railties (4.0.1) lib/rails/application.rb:97:in `call'
  rack (1.5.2) lib/rack/lock.rb:17:in `call'
  rack (1.5.2) lib/rack/content_length.rb:14:in `call'
  rack (1.5.2) lib/rack/handler/webrick.rb:60:in `service'
  /Users/valkyrieuk/.rvm/rubies/ruby-2.0.0-p247/lib/ruby/2.0.0/webrick/httpserver.rb:138:in `service'
  /Users/valkyrieuk/.rvm/rubies/ruby-2.0.0-p247/lib/ruby/2.0.0/webrick/httpserver.rb:94:in `run'
  /Users/valkyrieuk/.rvm/rubies/ruby-2.0.0-p247/lib/ruby/2.0.0/webrick/server.rb:295:in `block in start_thread'


  Rendered /Users/valkyrieuk/.rvm/gems/ruby-2.0.0-p247@invite_project_server/gems/actionpack-4.0.1/lib/action_dispatch/middleware/templates/rescues/_source.erb (0.5ms)
  Rendered /Users/valkyrieuk/.rvm/gems/ruby-2.0.0-p247@invite_project_server/gems/actionpack-4.0.1/lib/action_dispatch/middleware/templates/rescues/_trace.erb (1.0ms)
  Rendered /Users/valkyrieuk/.rvm/gems/ruby-2.0.0-p247@invite_project_server/gems/actionpack-4.0.1/lib/action_dispatch/middleware/templates/rescues/_request_and_response.erb (0.9ms)
  Rendered /Users/valkyrieuk/.rvm/gems/ruby-2.0.0-p247@invite_project_server/gems/actionpack-4.0.1/lib/action_dispatch/middleware/templates/rescues/diagnostics.erb within rescues/layout (14.3ms)


Started POST "/api/v1/users" for 127.0.0.1 at 2014-01-22 15:01:37 +0000
Processing by Api::V1::UsersController#create as JSON
  Parameters: {"user"=>{"username"=>"TOM", "provider"=>"twitter", "uid"=>"123", "image_url"=>"http://"}}
  [1m[35m (0.3ms)[0m  BEGIN
  [1m[36mSQL (5.7ms)[0m  [1mINSERT INTO "users" ("created_at", "image_url", "provider", "uid", "updated_at", "username") VALUES ($1, $2, $3, $4, $5, $6) RETURNING "id"[0m  [["created_at", Wed, 22 Jan 2014 15:01:37 UTC +00:00], ["image_url", "http://"], ["provider", "twitter"], ["uid", 123], ["updated_at", Wed, 22 Jan 2014 15:01:37 UTC +00:00], ["username", "TOM"]]
  [1m[35m (0.6ms)[0m  COMMIT
Completed 500 Internal Server Error in 25ms

NoMethodError (undefined method `model_name' for TrueClass:Class):
  app/controllers/api/v1/users_controller.rb:15:in `create'


  Rendered /Users/valkyrieuk/.rvm/gems/ruby-2.0.0-p247@invite_project_server/gems/actionpack-4.0.1/lib/action_dispatch/middleware/templates/rescues/_source.erb (0.8ms)
  Rendered /Users/valkyrieuk/.rvm/gems/ruby-2.0.0-p247@invite_project_server/gems/actionpack-4.0.1/lib/action_dispatch/middleware/templates/rescues/_trace.erb (2.0ms)
  Rendered /Users/valkyrieuk/.rvm/gems/ruby-2.0.0-p247@invite_project_server/gems/actionpack-4.0.1/lib/action_dispatch/middleware/templates/rescues/_request_and_response.erb (1.0ms)
  Rendered /Users/valkyrieuk/.rvm/gems/ruby-2.0.0-p247@invite_project_server/gems/actionpack-4.0.1/lib/action_dispatch/middleware/templates/rescues/diagnostics.erb within rescues/layout (40.1ms)


Started GET "/api/v1/users" for 127.0.0.1 at 2014-01-22 15:02:34 +0000
Processing by Api::V1::UsersController#index as JSON
  [1m[36mUser Load (0.9ms)[0m  [1mSELECT "users".* FROM "users"[0m
Completed 200 OK in 14ms (Views: 11.1ms | ActiveRecord: 0.9ms)


Started GET "/" for 127.0.0.1 at 2014-01-22 15:02:45 +0000
Processing by Rails::WelcomeController#index as HTML
  Rendered /Users/valkyrieuk/.rvm/gems/ruby-2.0.0-p247@invite_project_server/gems/railties-4.0.1/lib/rails/templates/rails/welcome/index.html.erb (1.3ms)
Completed 200 OK in 7ms (Views: 5.2ms | ActiveRecord: 0.0ms)


Started POST "/api/v1/users" for 127.0.0.1 at 2014-01-22 15:03:14 +0000
Processing by Api::V1::UsersController#create as JSON
  Parameters: {"user"=>{"username"=>"TOM", "provider"=>"twitter", "uid"=>"123", "image_url"=>"http://"}}
  [1m[35m (0.4ms)[0m  BEGIN
  [1m[36mSQL (0.7ms)[0m  [1mINSERT INTO "users" ("created_at", "image_url", "provider", "uid", "updated_at", "username") VALUES ($1, $2, $3, $4, $5, $6) RETURNING "id"[0m  [["created_at", Wed, 22 Jan 2014 15:03:14 UTC +00:00], ["image_url", "http://"], ["provider", "twitter"], ["uid", 123], ["updated_at", Wed, 22 Jan 2014 15:03:14 UTC +00:00], ["username", "TOM"]]
  [1m[35m (1.1ms)[0m  COMMIT
Completed 500 Internal Server Error in 6ms

NoMethodError (undefined method `model_name' for TrueClass:Class):
  app/controllers/api/v1/users_controller.rb:15:in `create'


  Rendered /Users/valkyrieuk/.rvm/gems/ruby-2.0.0-p247@invite_project_server/gems/actionpack-4.0.1/lib/action_dispatch/middleware/templates/rescues/_source.erb (0.6ms)
  Rendered /Users/valkyrieuk/.rvm/gems/ruby-2.0.0-p247@invite_project_server/gems/actionpack-4.0.1/lib/action_dispatch/middleware/templates/rescues/_trace.erb (1.1ms)
  Rendered /Users/valkyrieuk/.rvm/gems/ruby-2.0.0-p247@invite_project_server/gems/actionpack-4.0.1/lib/action_dispatch/middleware/templates/rescues/_request_and_response.erb (0.9ms)
  Rendered /Users/valkyrieuk/.rvm/gems/ruby-2.0.0-p247@invite_project_server/gems/actionpack-4.0.1/lib/action_dispatch/middleware/templates/rescues/diagnostics.erb within rescues/layout (12.2ms)


Started POST "/api/v1/users" for 127.0.0.1 at 2014-01-22 15:03:58 +0000
Processing by Api::V1::UsersController#create as JSON
  Parameters: {"user"=>{"username"=>"TOM", "provider"=>"twitter", "uid"=>"123", "image_url"=>"http://"}}
  [1m[36m (0.2ms)[0m  [1mBEGIN[0m
  [1m[35mSQL (3.4ms)[0m  INSERT INTO "users" ("created_at", "image_url", "provider", "uid", "updated_at", "username") VALUES ($1, $2, $3, $4, $5, $6) RETURNING "id"  [["created_at", Wed, 22 Jan 2014 15:03:58 UTC +00:00], ["image_url", "http://"], ["provider", "twitter"], ["uid", 123], ["updated_at", Wed, 22 Jan 2014 15:03:58 UTC +00:00], ["username", "TOM"]]
  [1m[36m (0.5ms)[0m  [1mCOMMIT[0m
  [1m[35m (0.1ms)[0m  BEGIN
  [1m[36m (0.1ms)[0m  [1mCOMMIT[0m
Completed 500 Internal Server Error in 20ms

NoMethodError (undefined method `model_name' for TrueClass:Class):
  app/controllers/api/v1/users_controller.rb:15:in `create'


  Rendered /Users/valkyrieuk/.rvm/gems/ruby-2.0.0-p247@invite_project_server/gems/actionpack-4.0.1/lib/action_dispatch/middleware/templates/rescues/_source.erb (0.6ms)
  Rendered /Users/valkyrieuk/.rvm/gems/ruby-2.0.0-p247@invite_project_server/gems/actionpack-4.0.1/lib/action_dispatch/middleware/templates/rescues/_trace.erb (1.0ms)
  Rendered /Users/valkyrieuk/.rvm/gems/ruby-2.0.0-p247@invite_project_server/gems/actionpack-4.0.1/lib/action_dispatch/middleware/templates/rescues/_request_and_response.erb (0.9ms)
  Rendered /Users/valkyrieuk/.rvm/gems/ruby-2.0.0-p247@invite_project_server/gems/actionpack-4.0.1/lib/action_dispatch/middleware/templates/rescues/diagnostics.erb within rescues/layout (12.1ms)


Started POST "/api/v1/users" for 127.0.0.1 at 2014-01-22 15:04:04 +0000
Processing by Api::V1::UsersController#create as JSON
  Parameters: {"user"=>{"username"=>"TOM", "provider"=>"twitter", "uid"=>"123", "image_url"=>"http://"}}
  [1m[35m (0.3ms)[0m  BEGIN
  [1m[36mSQL (0.6ms)[0m  [1mINSERT INTO "users" ("created_at", "image_url", "provider", "uid", "updated_at", "username") VALUES ($1, $2, $3, $4, $5, $6) RETURNING "id"[0m  [["created_at", Wed, 22 Jan 2014 15:04:04 UTC +00:00], ["image_url", "http://"], ["provider", "twitter"], ["uid", 123], ["updated_at", Wed, 22 Jan 2014 15:04:04 UTC +00:00], ["username", "TOM"]]
  [1m[35m (1.6ms)[0m  COMMIT
  [1m[36m (0.1ms)[0m  [1mBEGIN[0m
  [1m[35m (0.1ms)[0m  COMMIT
Completed 500 Internal Server Error in 7ms

NoMethodError (undefined method `model_name' for TrueClass:Class):
  app/controllers/api/v1/users_controller.rb:15:in `create'


  Rendered /Users/valkyrieuk/.rvm/gems/ruby-2.0.0-p247@invite_project_server/gems/actionpack-4.0.1/lib/action_dispatch/middleware/templates/rescues/_source.erb (0.6ms)
  Rendered /Users/valkyrieuk/.rvm/gems/ruby-2.0.0-p247@invite_project_server/gems/actionpack-4.0.1/lib/action_dispatch/middleware/templates/rescues/_trace.erb (1.2ms)
  Rendered /Users/valkyrieuk/.rvm/gems/ruby-2.0.0-p247@invite_project_server/gems/actionpack-4.0.1/lib/action_dispatch/middleware/templates/rescues/_request_and_response.erb (1.0ms)
  Rendered /Users/valkyrieuk/.rvm/gems/ruby-2.0.0-p247@invite_project_server/gems/actionpack-4.0.1/lib/action_dispatch/middleware/templates/rescues/diagnostics.erb within rescues/layout (13.2ms)


Started POST "/api/v1/users" for 127.0.0.1 at 2014-01-22 15:04:54 +0000
  [1m[36mActiveRecord::SchemaMigration Load (1.0ms)[0m  [1mSELECT "schema_migrations".* FROM "schema_migrations"[0m
Processing by Api::V1::UsersController#create as JSON
  Parameters: {"user"=>{"username"=>"TOM", "provider"=>"twitter", "uid"=>"123", "image_url"=>"http://"}}
  [1m[35m (0.3ms)[0m  BEGIN
  [1m[36mSQL (3.8ms)[0m  [1mINSERT INTO "users" ("created_at", "image_url", "provider", "uid", "updated_at", "username") VALUES ($1, $2, $3, $4, $5, $6) RETURNING "id"[0m  [["created_at", Wed, 22 Jan 2014 15:04:55 UTC +00:00], ["image_url", "http://"], ["provider", "twitter"], ["uid", 123], ["updated_at", Wed, 22 Jan 2014 15:04:55 UTC +00:00], ["username", "TOM"]]
  [1m[35m (2.1ms)[0m  COMMIT
Completed 500 Internal Server Error in 47ms

NoMethodError (undefined method `model_name' for TrueClass:Class):
  app/controllers/api/v1/users_controller.rb:15:in `create'


  Rendered /Users/valkyrieuk/.rvm/gems/ruby-2.0.0-p247@invite_project_server/gems/actionpack-4.0.1/lib/action_dispatch/middleware/templates/rescues/_source.erb (0.9ms)
  Rendered /Users/valkyrieuk/.rvm/gems/ruby-2.0.0-p247@invite_project_server/gems/actionpack-4.0.1/lib/action_dispatch/middleware/templates/rescues/_trace.erb (1.2ms)
  Rendered /Users/valkyrieuk/.rvm/gems/ruby-2.0.0-p247@invite_project_server/gems/actionpack-4.0.1/lib/action_dispatch/middleware/templates/rescues/_request_and_response.erb (0.9ms)
  Rendered /Users/valkyrieuk/.rvm/gems/ruby-2.0.0-p247@invite_project_server/gems/actionpack-4.0.1/lib/action_dispatch/middleware/templates/rescues/diagnostics.erb within rescues/layout (14.7ms)


Started POST "/api/v1/users" for 127.0.0.1 at 2014-01-22 15:05:48 +0000
  [1m[36mActiveRecord::SchemaMigration Load (0.7ms)[0m  [1mSELECT "schema_migrations".* FROM "schema_migrations"[0m
Processing by Api::V1::UsersController#create as JSON
  Parameters: {"user"=>{"username"=>"TOM", "provider"=>"twitter", "uid"=>"123", "image_url"=>"http://"}}
  [1m[35m (0.2ms)[0m  BEGIN
  [1m[36mSQL (5.4ms)[0m  [1mINSERT INTO "users" ("created_at", "image_url", "provider", "uid", "updated_at", "username") VALUES ($1, $2, $3, $4, $5, $6) RETURNING "id"[0m  [["created_at", Wed, 22 Jan 2014 15:05:49 UTC +00:00], ["image_url", "http://"], ["provider", "twitter"], ["uid", 123], ["updated_at", Wed, 22 Jan 2014 15:05:49 UTC +00:00], ["username", "TOM"]]
  [1m[35m (0.6ms)[0m  COMMIT
Completed 500 Internal Server Error in 53ms

NoMethodError (undefined method `model_name' for TrueClass:Class):
  app/controllers/api/v1/users_controller.rb:15:in `create'


  Rendered /Users/valkyrieuk/.rvm/gems/ruby-2.0.0-p247@invite_project_server/gems/actionpack-4.0.1/lib/action_dispatch/middleware/templates/rescues/_source.erb (0.7ms)
  Rendered /Users/valkyrieuk/.rvm/gems/ruby-2.0.0-p247@invite_project_server/gems/actionpack-4.0.1/lib/action_dispatch/middleware/templates/rescues/_trace.erb (1.8ms)
  Rendered /Users/valkyrieuk/.rvm/gems/ruby-2.0.0-p247@invite_project_server/gems/actionpack-4.0.1/lib/action_dispatch/middleware/templates/rescues/_request_and_response.erb (1.0ms)
  Rendered /Users/valkyrieuk/.rvm/gems/ruby-2.0.0-p247@invite_project_server/gems/actionpack-4.0.1/lib/action_dispatch/middleware/templates/rescues/diagnostics.erb within rescues/layout (17.4ms)


Started POST "/api/v1/users" for 127.0.0.1 at 2014-01-22 15:06:36 +0000
Processing by Api::V1::UsersController#create as JSON
  Parameters: {"user"=>{"username"=>"TOM", "provider"=>"twitter", "uid"=>"123", "image_url"=>"http://"}}
  [1m[36m (0.4ms)[0m  [1mBEGIN[0m
  [1m[35mSQL (0.7ms)[0m  INSERT INTO "users" ("created_at", "image_url", "provider", "uid", "updated_at", "username") VALUES ($1, $2, $3, $4, $5, $6) RETURNING "id"  [["created_at", Wed, 22 Jan 2014 15:06:36 UTC +00:00], ["image_url", "http://"], ["provider", "twitter"], ["uid", 123], ["updated_at", Wed, 22 Jan 2014 15:06:36 UTC +00:00], ["username", "TOM"]]
  [1m[36m (2.0ms)[0m  [1mCOMMIT[0m
Completed 500 Internal Server Error in 42ms

NoMethodError (undefined method `model_name' for TrueClass:Class):
  app/controllers/api/v1/users_controller.rb:15:in `create'


  Rendered /Users/valkyrieuk/.rvm/gems/ruby-2.0.0-p247@invite_project_server/gems/actionpack-4.0.1/lib/action_dispatch/middleware/templates/rescues/_source.erb (0.6ms)
  Rendered /Users/valkyrieuk/.rvm/gems/ruby-2.0.0-p247@invite_project_server/gems/actionpack-4.0.1/lib/action_dispatch/middleware/templates/rescues/_trace.erb (1.1ms)
  Rendered /Users/valkyrieuk/.rvm/gems/ruby-2.0.0-p247@invite_project_server/gems/actionpack-4.0.1/lib/action_dispatch/middleware/templates/rescues/_request_and_response.erb (0.9ms)
  Rendered /Users/valkyrieuk/.rvm/gems/ruby-2.0.0-p247@invite_project_server/gems/actionpack-4.0.1/lib/action_dispatch/middleware/templates/rescues/diagnostics.erb within rescues/layout (13.8ms)


Started POST "/api/v1/users" for 127.0.0.1 at 2014-01-22 15:07:29 +0000
Processing by Api::V1::UsersController#create as JSON
  Parameters: {"user"=>{"username"=>"TOM", "provider"=>"twitter", "uid"=>"123", "image_url"=>"http://"}}
Can't verify CSRF token authenticity
  [1m[35m (0.3ms)[0m  BEGIN
  [1m[36mSQL (0.7ms)[0m  [1mINSERT INTO "users" ("created_at", "image_url", "provider", "uid", "updated_at", "username") VALUES ($1, $2, $3, $4, $5, $6) RETURNING "id"[0m  [["created_at", Wed, 22 Jan 2014 15:07:29 UTC +00:00], ["image_url", "http://"], ["provider", "twitter"], ["uid", 123], ["updated_at", Wed, 22 Jan 2014 15:07:29 UTC +00:00], ["username", "TOM"]]
  [1m[35m (0.5ms)[0m  COMMIT
Completed 500 Internal Server Error in 18ms

NoMethodError (undefined method `model_name' for TrueClass:Class):
  app/controllers/api/v1/users_controller.rb:15:in `create'


  Rendered /Users/valkyrieuk/.rvm/gems/ruby-2.0.0-p247@invite_project_server/gems/actionpack-4.0.1/lib/action_dispatch/middleware/templates/rescues/_source.erb (0.6ms)
  Rendered /Users/valkyrieuk/.rvm/gems/ruby-2.0.0-p247@invite_project_server/gems/actionpack-4.0.1/lib/action_dispatch/middleware/templates/rescues/_trace.erb (1.2ms)
  Rendered /Users/valkyrieuk/.rvm/gems/ruby-2.0.0-p247@invite_project_server/gems/actionpack-4.0.1/lib/action_dispatch/middleware/templates/rescues/_request_and_response.erb (0.9ms)
  Rendered /Users/valkyrieuk/.rvm/gems/ruby-2.0.0-p247@invite_project_server/gems/actionpack-4.0.1/lib/action_dispatch/middleware/templates/rescues/diagnostics.erb within rescues/layout (13.0ms)


Started POST "/api/v1/users" for 127.0.0.1 at 2014-01-22 15:07:37 +0000
  [1m[36mActiveRecord::SchemaMigration Load (1.0ms)[0m  [1mSELECT "schema_migrations".* FROM "schema_migrations"[0m
Processing by Api::V1::UsersController#create as JSON
  Parameters: {"user"=>{"username"=>"TOM", "provider"=>"twitter", "uid"=>"123", "image_url"=>"http://"}}
Can't verify CSRF token authenticity
  [1m[35m (0.4ms)[0m  BEGIN
  [1m[36mSQL (3.8ms)[0m  [1mINSERT INTO "users" ("created_at", "image_url", "provider", "uid", "updated_at", "username") VALUES ($1, $2, $3, $4, $5, $6) RETURNING "id"[0m  [["created_at", Wed, 22 Jan 2014 15:07:38 UTC +00:00], ["image_url", "http://"], ["provider", "twitter"], ["uid", 123], ["updated_at", Wed, 22 Jan 2014 15:07:38 UTC +00:00], ["username", "TOM"]]
  [1m[35m (2.1ms)[0m  COMMIT
Completed 500 Internal Server Error in 54ms

NoMethodError (undefined method `model_name' for TrueClass:Class):
  app/controllers/api/v1/users_controller.rb:15:in `create'


  Rendered /Users/valkyrieuk/.rvm/gems/ruby-2.0.0-p247@invite_project_server/gems/actionpack-4.0.1/lib/action_dispatch/middleware/templates/rescues/_source.erb (1.1ms)
  Rendered /Users/valkyrieuk/.rvm/gems/ruby-2.0.0-p247@invite_project_server/gems/actionpack-4.0.1/lib/action_dispatch/middleware/templates/rescues/_trace.erb (2.2ms)
  Rendered /Users/valkyrieuk/.rvm/gems/ruby-2.0.0-p247@invite_project_server/gems/actionpack-4.0.1/lib/action_dispatch/middleware/templates/rescues/_request_and_response.erb (1.1ms)
  Rendered /Users/valkyrieuk/.rvm/gems/ruby-2.0.0-p247@invite_project_server/gems/actionpack-4.0.1/lib/action_dispatch/middleware/templates/rescues/diagnostics.erb within rescues/layout (19.6ms)


Started POST "/api/v1/users" for 127.0.0.1 at 2014-01-22 15:08:09 +0000
  [1m[36mActiveRecord::SchemaMigration Load (0.7ms)[0m  [1mSELECT "schema_migrations".* FROM "schema_migrations"[0m
Processing by Api::V1::UsersController#create as JSON
  Parameters: {"user"=>{"username"=>"TOM", "provider"=>"twitter", "uid"=>"123", "image_url"=>"http://"}}
Can't verify CSRF token authenticity
  [1m[35m (0.3ms)[0m  BEGIN
  [1m[36mSQL (4.2ms)[0m  [1mINSERT INTO "users" ("created_at", "image_url", "provider", "uid", "updated_at", "username") VALUES ($1, $2, $3, $4, $5, $6) RETURNING "id"[0m  [["created_at", Wed, 22 Jan 2014 15:08:10 UTC +00:00], ["image_url", "http://"], ["provider", "twitter"], ["uid", 123], ["updated_at", Wed, 22 Jan 2014 15:08:10 UTC +00:00], ["username", "TOM"]]
  [1m[35m (1.8ms)[0m  COMMIT
Completed 500 Internal Server Error in 50ms

NoMethodError (undefined method `model_name' for TrueClass:Class):
  app/controllers/api/v1/users_controller.rb:15:in `create'


  Rendered /Users/valkyrieuk/.rvm/gems/ruby-2.0.0-p247@invite_project_server/gems/actionpack-4.0.1/lib/action_dispatch/middleware/templates/rescues/_source.erb (0.7ms)
  Rendered /Users/valkyrieuk/.rvm/gems/ruby-2.0.0-p247@invite_project_server/gems/actionpack-4.0.1/lib/action_dispatch/middleware/templates/rescues/_trace.erb (1.2ms)
  Rendered /Users/valkyrieuk/.rvm/gems/ruby-2.0.0-p247@invite_project_server/gems/actionpack-4.0.1/lib/action_dispatch/middleware/templates/rescues/_request_and_response.erb (1.1ms)
  Rendered /Users/valkyrieuk/.rvm/gems/ruby-2.0.0-p247@invite_project_server/gems/actionpack-4.0.1/lib/action_dispatch/middleware/templates/rescues/diagnostics.erb within rescues/layout (16.5ms)
